<?xml version="1.0" encoding="UTF-8"?>
<!-- Generated by org.testng.reporters.JUnitXMLReporter -->
<testsuite ignored="12" hostname="elihle" failures="1" tests="8" name="Test_All" time="162.868" errors="0" timestamp="2025-07-17T05:54:16 SAST">
  <testcase classname="com.mystore.testcases.LoginTest" name="verifySuccessLogin" time="7.651"/>
  <testcase classname="com.mystore.testcases.LaptopsAndNotebookTest" name="verifyLaptopsAndNotebookPageHeaderText" time="3.702"/>
  <testcase classname="com.mystore.testcases.RegisterAccountLandingPageTest" name="registrationAccountTest" time="2.985"/>
  <testcase classname="com.mystore.testcases.AddToCartPriceTest" name="verifyItemAddedToCart" time="13.27">
    <failure type="java.lang.AssertionError" message="expected [244.00] but found [610.00]">
      <![CDATA[java.lang.AssertionError: expected [244.00] but found [610.00]
at com.mystore.testcases.AddToCartPriceTest.verifyItemAddedToCart(AddToCartPriceTest.java:76)
at java.base/java.util.ArrayList.forEach(ArrayList.java:1596)
... Removed 30 stack frames]]>
    </failure>
  </testcase> <!-- verifyItemAddedToCart -->
  <testcase classname="com.mystore.testcases.RegisterAccountPageTest" name="verifyAccountRegisterTest" time="9.791"/>
  <testcase classname="com.mystore.testcases.YourStoreHomePageLaunchTest" name="verifyHomePageCurrentURL" time="0.05"/>
  <testcase classname="com.mystore.testcases.YourStoreHomePageLaunchTest" name="verifyHomePageTitle" time="0.121"/>
  <testcase classname="com.mystore.testcases.AddToCartTest" name="verifyItemAddedToCart" time="13.575"/>
  <testcase classname="com.mystore.base.BaseTest" name="@AfterSuite afterSuit" time="0.0">
    <ignored/>
  </testcase> <!-- @AfterSuite afterSuit -->
  <testcase classname="com.mystore.base.BaseTest" name="@AfterSuite afterSuit" time="0.0">
    <ignored/>
  </testcase> <!-- @AfterSuite afterSuit -->
  <testcase classname="com.mystore.base.BaseTest" name="@AfterSuite afterSuit" time="0.0">
    <ignored/>
  </testcase> <!-- @AfterSuite afterSuit -->
  <testcase classname="com.mystore.base.BaseTest" name="@AfterSuite afterSuit" time="0.0">
    <ignored/>
  </testcase> <!-- @AfterSuite afterSuit -->
  <testcase classname="com.mystore.base.BaseTest" name="@AfterSuite afterSuit" time="0.0">
    <ignored/>
  </testcase> <!-- @AfterSuite afterSuit -->
  <testcase classname="com.mystore.base.BaseTest" name="@AfterSuite afterSuit" time="0.0">
    <ignored/>
  </testcase> <!-- @AfterSuite afterSuit -->
  <testcase classname="com.mystore.base.BaseTest" name="@BeforeSuite loadConfig" time="0.0">
    <ignored/>
  </testcase> <!-- @BeforeSuite loadConfig -->
  <testcase classname="com.mystore.base.BaseTest" name="@BeforeSuite loadConfig" time="0.0">
    <ignored/>
  </testcase> <!-- @BeforeSuite loadConfig -->
  <testcase classname="com.mystore.base.BaseTest" name="@BeforeSuite loadConfig" time="0.0">
    <ignored/>
  </testcase> <!-- @BeforeSuite loadConfig -->
  <testcase classname="com.mystore.base.BaseTest" name="@BeforeSuite loadConfig" time="0.0">
    <ignored/>
  </testcase> <!-- @BeforeSuite loadConfig -->
  <testcase classname="com.mystore.base.BaseTest" name="@BeforeSuite loadConfig" time="0.0">
    <ignored/>
  </testcase> <!-- @BeforeSuite loadConfig -->
  <testcase classname="com.mystore.base.BaseTest" name="@BeforeSuite loadConfig" time="0.0">
    <ignored/>
  </testcase> <!-- @BeforeSuite loadConfig -->
</testsuite> <!-- Test_All -->
