<?xml version="1.0" encoding="UTF-8"?>
<!-- Generated by org.testng.reporters.JUnitXMLReporter -->
<testsuite ignored="11" hostname="elihle" failures="0" tests="3" name="Test_Smoke" time="117.777" errors="0" timestamp="2025-07-10T15:18:16 SAST">
  <testcase classname="com.mystore.testcases.LoginTest" name="verifySuccessLogin" time="16.818"/>
  <testcase classname="com.mystore.testcases.YourStoreHomePageLaunchTest" name="verifyHomePageCurrentURL" time="0.035"/>
  <testcase classname="com.mystore.testcases.YourStoreHomePageLaunchTest" name="verifyHomePageTitle" time="0.027"/>
  <testcase classname="com.mystore.testcases.LaptopsAndNotebookTest" name="verifyLaptopsAndNotebookPageHeaderText" time="0.0">
    <ignored/>
  </testcase> <!-- verifyLaptopsAndNotebookPageHeaderText -->
  <testcase classname="com.mystore.testcases.RegisterAccountPageTest" name="verifyAccountRegisterTest" time="0.0">
    <ignored/>
  </testcase> <!-- verifyAccountRegisterTest -->
  <testcase classname="com.mystore.testcases.AddToCartPriceTest" name="verifyItemAddedToCart" time="0.0">
    <ignored/>
  </testcase> <!-- verifyItemAddedToCart -->
  <testcase classname="com.mystore.testcases.RegisterAccountLandingPageTest" name="registrationAccountTest" time="0.0">
    <ignored/>
  </testcase> <!-- registrationAccountTest -->
  <testcase classname="com.mystore.base.BaseTest" name="@BeforeSuite loadConfig" time="0.0">
    <ignored/>
  </testcase> <!-- @BeforeSuite loadConfig -->
  <testcase classname="com.mystore.base.BaseTest" name="@BeforeSuite loadConfig" time="0.0">
    <ignored/>
  </testcase> <!-- @BeforeSuite loadConfig -->
  <testcase classname="com.mystore.base.BaseTest" name="@BeforeSuite loadConfig" time="0.0">
    <ignored/>
  </testcase> <!-- @BeforeSuite loadConfig -->
  <testcase classname="com.mystore.base.BaseTest" name="@BeforeSuite loadConfig" time="0.0">
    <ignored/>
  </testcase> <!-- @BeforeSuite loadConfig -->
  <testcase classname="com.mystore.base.BaseTest" name="@BeforeSuite loadConfig" time="0.0">
    <ignored/>
  </testcase> <!-- @BeforeSuite loadConfig -->
  <testcase classname="com.mystore.base.BaseTest" name="@BeforeSuite loadConfig" time="0.0">
    <ignored/>
  </testcase> <!-- @BeforeSuite loadConfig -->
  <testcase classname="com.mystore.testcases.AddToCartTest" name="verifyItemAddedToCart" time="0.0">
    <ignored/>
  </testcase> <!-- verifyItemAddedToCart -->
</testsuite> <!-- Test_Smoke -->
