<?xml version="1.0" encoding="UTF-8"?>
<!-- Generated by org.testng.reporters.JUnitXMLReporter -->
<testsuite ignored="0" hostname="elihle" failures="1" tests="1" name="Test_All" time="2.554" errors="0" timestamp="2025-07-17T14:53:41 SAST">
  <testcase classname="com.mystore.testcases.EditAccountTest" name="verifyEditAccountSuccessMessageText" time="2.436">
    <failure type="org.testng.internal.reflect.MethodMatcherException" message="
[public void com.mystore.testcases.EditAccountTest.verifyEditAccountSuccessMessageText(java.lang.String,java.lang.String) throws java.lang.InterruptedException] has no parameters defined but was found to be using a data provider (either explicitly specified or inherited from class level annotation).
Data provider mismatch
Method: verifyEditAccountSuccessMessageText([Parameter{index=0, type=java.lang.String, declaredAnnotations=[]}, Parameter{index=1, type=java.lang.String, declaredAnnotations=[]}])
Arguments: [(java.lang.String) alwande@gmail.com,(java.lang.String) 12345.0,(java.lang.String) 6/9/25,(java.lang.String) 2.0,(java.lang.String) Success: You have added HP LP3065 to your shopping cart!]">
      <![CDATA[org.testng.internal.reflect.MethodMatcherException: 
[public void com.mystore.testcases.EditAccountTest.verifyEditAccountSuccessMessageText(java.lang.String,java.lang.String) throws java.lang.InterruptedException] has no parameters defined but was found to be using a data provider (either explicitly specified or inherited from class level annotation).
Data provider mismatch
Method: verifyEditAccountSuccessMessageText([Parameter{index=0, type=java.lang.String, declaredAnnotations=[]}, Parameter{index=1, type=java.lang.String, declaredAnnotations=[]}])
Arguments: [(java.lang.String) alwande@gmail.com,(java.lang.String) 12345.0,(java.lang.String) 6/9/25,(java.lang.String) 2.0,(java.lang.String) Success: You have added HP LP3065 to your shopping cart!]
at java.base/java.util.ArrayList.forEach(ArrayList.java:1596)
... Removed 22 stack frames]]>
    </failure>
  </testcase> <!-- verifyEditAccountSuccessMessageText -->
</testsuite> <!-- Test_All -->
