<?xml version="1.0" encoding="UTF-8"?>
<testng-results ignored="12" total="20" passed="6" failed="2" skipped="0">
  <reporter-output>
  </reporter-output>
  <suite started-at="2025-07-14T13:43:34 SAST" name="Suite" finished-at="2025-07-14T13:47:23 SAST" duration-ms="229269">
    <groups>
      <group name="Sanity">
        <method signature="AddToCartPriceTest.verifyItemAddedToCart()[pri:0, instance:com.mystore.testcases.AddToCartPriceTest@3eb738bb]" name="verifyItemAddedToCart" class="com.mystore.testcases.AddToCartPriceTest"/>
        <method signature="AddToCartTest.verifyItemAddedToCart(java.lang.String, java.lang.String, java.lang.String, java.lang.String, java.lang.String)[pri:0, instance:com.mystore.testcases.AddToCartTest@185a6e9]" name="verifyItemAddedToCart" class="com.mystore.testcases.AddToCartTest"/>
        <method signature="LaptopsAndNotebookTest.verifyLaptopsAndNotebookPageHeaderText()[pri:0, instance:com.mystore.testcases.LaptopsAndNotebookTest@f5958c9]" name="verifyLaptopsAndNotebookPageHeaderText" class="com.mystore.testcases.LaptopsAndNotebookTest"/>
        <method signature="LoginTest.verifySuccessLogin(java.lang.String, java.lang.String)[pri:0, instance:com.mystore.testcases.LoginTest@77c2494c]" name="verifySuccessLogin" class="com.mystore.testcases.LoginTest"/>
        <method signature="RegisterAccountLandingPageTest.registrationAccountTest()[pri:0, instance:com.mystore.testcases.RegisterAccountLandingPageTest@233795b6]" name="registrationAccountTest" class="com.mystore.testcases.RegisterAccountLandingPageTest"/>
        <method signature="RegisterAccountPageTest.verifyAccountRegisterTest(java.lang.String, java.lang.String, java.lang.String)[pri:0, instance:com.mystore.testcases.RegisterAccountPageTest@5bda8e08]" name="verifyAccountRegisterTest" class="com.mystore.testcases.RegisterAccountPageTest"/>
      </group> <!-- Sanity -->
      <group name="Regression">
        <method signature="AddToCartPriceTest.verifyItemAddedToCart()[pri:0, instance:com.mystore.testcases.AddToCartPriceTest@3eb738bb]" name="verifyItemAddedToCart" class="com.mystore.testcases.AddToCartPriceTest"/>
        <method signature="AddToCartTest.verifyItemAddedToCart(java.lang.String, java.lang.String, java.lang.String, java.lang.String, java.lang.String)[pri:0, instance:com.mystore.testcases.AddToCartTest@185a6e9]" name="verifyItemAddedToCart" class="com.mystore.testcases.AddToCartTest"/>
        <method signature="LaptopsAndNotebookTest.verifyLaptopsAndNotebookPageHeaderText()[pri:0, instance:com.mystore.testcases.LaptopsAndNotebookTest@f5958c9]" name="verifyLaptopsAndNotebookPageHeaderText" class="com.mystore.testcases.LaptopsAndNotebookTest"/>
        <method signature="RegisterAccountLandingPageTest.registrationAccountTest()[pri:0, instance:com.mystore.testcases.RegisterAccountLandingPageTest@233795b6]" name="registrationAccountTest" class="com.mystore.testcases.RegisterAccountLandingPageTest"/>
        <method signature="RegisterAccountPageTest.verifyAccountRegisterTest(java.lang.String, java.lang.String, java.lang.String)[pri:0, instance:com.mystore.testcases.RegisterAccountPageTest@5bda8e08]" name="verifyAccountRegisterTest" class="com.mystore.testcases.RegisterAccountPageTest"/>
      </group> <!-- Regression -->
      <group name="Smoke">
        <method signature="LoginTest.verifySuccessLogin(java.lang.String, java.lang.String)[pri:0, instance:com.mystore.testcases.LoginTest@77c2494c]" name="verifySuccessLogin" class="com.mystore.testcases.LoginTest"/>
        <method signature="YourStoreHomePageLaunchTest.verifyHomePageCurrentURL()[pri:0, instance:com.mystore.testcases.YourStoreHomePageLaunchTest@1e800aaa]" name="verifyHomePageCurrentURL" class="com.mystore.testcases.YourStoreHomePageLaunchTest"/>
        <method signature="YourStoreHomePageLaunchTest.verifyHomePageTitle()[pri:0, instance:com.mystore.testcases.YourStoreHomePageLaunchTest@1e800aaa]" name="verifyHomePageTitle" class="com.mystore.testcases.YourStoreHomePageLaunchTest"/>
      </group> <!-- Smoke -->
    </groups>
    <test started-at="2025-07-14T13:43:34 SAST" name="Test_All" finished-at="2025-07-14T13:47:23 SAST" duration-ms="229269">
      <class name="com.mystore.testcases.YourStoreHomePageLaunchTest">
        <test-method is-config="true" signature="setup(java.lang.String)[pri:0, instance:com.mystore.testcases.YourStoreHomePageLaunchTest@1e800aaa]" started-at="2025-07-14T13:46:07 SAST" name="setup" finished-at="2025-07-14T13:46:19 SAST" duration-ms="11352" status="PASS">
          <params>
            <param index="0">
              <value>
                <![CDATA[Chrome]]>
              </value>
            </param>
          </params>
          <reporter-output>
          </reporter-output>
        </test-method> <!-- setup -->
        <test-method signature="verifyHomePageCurrentURL()[pri:0, instance:com.mystore.testcases.YourStoreHomePageLaunchTest@1e800aaa]" started-at="2025-07-14T13:46:19 SAST" name="verifyHomePageCurrentURL" finished-at="2025-07-14T13:46:19 SAST" duration-ms="146" status="PASS">
          <reporter-output>
          </reporter-output>
        </test-method> <!-- verifyHomePageCurrentURL -->
        <test-method is-config="true" signature="tearDown()[pri:0, instance:com.mystore.testcases.YourStoreHomePageLaunchTest@1e800aaa]" started-at="2025-07-14T13:46:19 SAST" name="tearDown" finished-at="2025-07-14T13:46:21 SAST" duration-ms="1669" status="PASS">
          <reporter-output>
          </reporter-output>
        </test-method> <!-- tearDown -->
        <test-method is-config="true" signature="setup(java.lang.String)[pri:0, instance:com.mystore.testcases.YourStoreHomePageLaunchTest@1e800aaa]" started-at="2025-07-14T13:46:21 SAST" name="setup" finished-at="2025-07-14T13:46:32 SAST" duration-ms="11362" status="PASS">
          <params>
            <param index="0">
              <value>
                <![CDATA[Chrome]]>
              </value>
            </param>
          </params>
          <reporter-output>
          </reporter-output>
        </test-method> <!-- setup -->
        <test-method signature="verifyHomePageTitle()[pri:0, instance:com.mystore.testcases.YourStoreHomePageLaunchTest@1e800aaa]" started-at="2025-07-14T13:46:32 SAST" name="verifyHomePageTitle" finished-at="2025-07-14T13:46:32 SAST" duration-ms="37" status="PASS">
          <reporter-output>
          </reporter-output>
        </test-method> <!-- verifyHomePageTitle -->
        <test-method is-config="true" signature="tearDown()[pri:0, instance:com.mystore.testcases.YourStoreHomePageLaunchTest@1e800aaa]" started-at="2025-07-14T13:46:32 SAST" name="tearDown" finished-at="2025-07-14T13:46:34 SAST" duration-ms="1537" status="PASS">
          <reporter-output>
          </reporter-output>
        </test-method> <!-- tearDown -->
      </class> <!-- com.mystore.testcases.YourStoreHomePageLaunchTest -->
      <class name="com.mystore.testcases.LoginTest">
        <test-method is-config="true" signature="loadConfig()[pri:0, instance:com.mystore.testcases.LoginTest@77c2494c]" started-at="2025-07-14T13:43:32 SAST" name="loadConfig" finished-at="2025-07-14T13:43:34 SAST" duration-ms="1680" status="PASS">
          <reporter-output>
          </reporter-output>
        </test-method> <!-- loadConfig -->
        <test-method is-config="true" signature="setup(java.lang.String)[pri:0, instance:com.mystore.testcases.LoginTest@77c2494c]" started-at="2025-07-14T13:43:36 SAST" name="setup" finished-at="2025-07-14T13:43:58 SAST" duration-ms="21634" status="PASS">
          <params>
            <param index="0">
              <value>
                <![CDATA[Chrome]]>
              </value>
            </param>
          </params>
          <reporter-output>
          </reporter-output>
        </test-method> <!-- setup -->
        <test-method signature="verifySuccessLogin(java.lang.String, java.lang.String)[pri:0, instance:com.mystore.testcases.LoginTest@77c2494c]" started-at="2025-07-14T13:43:58 SAST" name="verifySuccessLogin" data-provider="loginCredentials" finished-at="2025-07-14T13:44:11 SAST" duration-ms="12733" status="PASS">
          <params>
            <param index="0">
              <value>
                <![CDATA[alwande@gmail.com]]>
              </value>
            </param>
            <param index="1">
              <value>
                <![CDATA[12345.0]]>
              </value>
            </param>
          </params>
          <reporter-output>
          </reporter-output>
        </test-method> <!-- verifySuccessLogin -->
        <test-method is-config="true" signature="tearDown()[pri:0, instance:com.mystore.testcases.LoginTest@77c2494c]" started-at="2025-07-14T13:44:11 SAST" name="tearDown" finished-at="2025-07-14T13:44:39 SAST" duration-ms="28209" status="PASS">
          <reporter-output>
          </reporter-output>
        </test-method> <!-- tearDown -->
        <test-method is-config="true" signature="afterSuit()[pri:0, instance:com.mystore.testcases.LoginTest@77c2494c]" started-at="2025-07-14T13:47:23 SAST" name="afterSuit" finished-at="2025-07-14T13:47:25 SAST" duration-ms="2540" status="PASS">
          <reporter-output>
          </reporter-output>
        </test-method> <!-- afterSuit -->
      </class> <!-- com.mystore.testcases.LoginTest -->
      <class name="com.mystore.testcases.RegisterAccountLandingPageTest">
        <test-method is-config="true" signature="setup(java.lang.String)[pri:0, instance:com.mystore.testcases.RegisterAccountLandingPageTest@233795b6]" started-at="2025-07-14T13:45:00 SAST" name="setup" finished-at="2025-07-14T13:45:11 SAST" duration-ms="10487" status="PASS">
          <params>
            <param index="0">
              <value>
                <![CDATA[Chrome]]>
              </value>
            </param>
          </params>
          <reporter-output>
          </reporter-output>
        </test-method> <!-- setup -->
        <test-method signature="registrationAccountTest()[pri:0, instance:com.mystore.testcases.RegisterAccountLandingPageTest@233795b6]" started-at="2025-07-14T13:45:11 SAST" name="registrationAccountTest" finished-at="2025-07-14T13:45:13 SAST" duration-ms="2430" status="PASS">
          <reporter-output>
          </reporter-output>
        </test-method> <!-- registrationAccountTest -->
        <test-method is-config="true" signature="tearDown()[pri:0, instance:com.mystore.testcases.RegisterAccountLandingPageTest@233795b6]" started-at="2025-07-14T13:45:13 SAST" name="tearDown" finished-at="2025-07-14T13:45:16 SAST" duration-ms="2794" status="PASS">
          <reporter-output>
          </reporter-output>
        </test-method> <!-- tearDown -->
      </class> <!-- com.mystore.testcases.RegisterAccountLandingPageTest -->
      <class name="com.mystore.testcases.RegisterAccountPageTest">
        <test-method is-config="true" signature="setup(java.lang.String)[pri:0, instance:com.mystore.testcases.RegisterAccountPageTest@5bda8e08]" started-at="2025-07-14T13:45:45 SAST" name="setup" finished-at="2025-07-14T13:45:55 SAST" duration-ms="10259" status="PASS">
          <params>
            <param index="0">
              <value>
                <![CDATA[Chrome]]>
              </value>
            </param>
          </params>
          <reporter-output>
          </reporter-output>
        </test-method> <!-- setup -->
        <test-method signature="verifyAccountRegisterTest(java.lang.String, java.lang.String, java.lang.String)[pri:0, instance:com.mystore.testcases.RegisterAccountPageTest@5bda8e08]" started-at="2025-07-14T13:45:55 SAST" name="verifyAccountRegisterTest" data-provider="registration" finished-at="2025-07-14T13:46:06 SAST" duration-ms="10240" status="PASS">
          <params>
            <param index="0">
              <value>
                <![CDATA[6.34943658E8]]>
              </value>
            </param>
            <param index="1">
              <value>
                <![CDATA[12345.0]]>
              </value>
            </param>
            <param index="2">
              <value>
                <![CDATA[12345.0]]>
              </value>
            </param>
          </params>
          <reporter-output>
          </reporter-output>
        </test-method> <!-- verifyAccountRegisterTest -->
        <test-method is-config="true" signature="tearDown()[pri:0, instance:com.mystore.testcases.RegisterAccountPageTest@5bda8e08]" started-at="2025-07-14T13:46:06 SAST" name="tearDown" finished-at="2025-07-14T13:46:07 SAST" duration-ms="1704" status="PASS">
          <reporter-output>
          </reporter-output>
        </test-method> <!-- tearDown -->
      </class> <!-- com.mystore.testcases.RegisterAccountPageTest -->
      <class name="com.mystore.testcases.AddToCartTest">
        <test-method is-config="true" signature="setup(java.lang.String)[pri:0, instance:com.mystore.testcases.AddToCartTest@185a6e9]" started-at="2025-07-14T13:46:34 SAST" name="setup" finished-at="2025-07-14T13:46:42 SAST" duration-ms="8674" status="PASS">
          <params>
            <param index="0">
              <value>
                <![CDATA[Chrome]]>
              </value>
            </param>
          </params>
          <reporter-output>
          </reporter-output>
        </test-method> <!-- setup -->
        <test-method signature="verifyItemAddedToCart(java.lang.String, java.lang.String, java.lang.String, java.lang.String, java.lang.String)[pri:0, instance:com.mystore.testcases.AddToCartTest@185a6e9]" started-at="2025-07-14T13:46:42 SAST" name="verifyItemAddedToCart" data-provider="ProductCredentials" finished-at="2025-07-14T13:47:06 SAST" duration-ms="23281" status="FAIL">
          <params>
            <param index="0">
              <value>
                <![CDATA[alwande@gmail.com]]>
              </value>
            </param>
            <param index="1">
              <value>
                <![CDATA[12345.0]]>
              </value>
            </param>
            <param index="2">
              <value>
                <![CDATA[6/9/25]]>
              </value>
            </param>
            <param index="3">
              <value>
                <![CDATA[2.0]]>
              </value>
            </param>
            <param index="4">
              <value>
                <![CDATA[Success: You have added HP LP3065 to your shopping cart!]]>
              </value>
            </param>
          </params>
          <exception class="org.openqa.selenium.NoSuchElementException">
            <message>
              <![CDATA[no such element: Unable to locate element: {"method":"xpath","selector":"//div[contains(@class,'alert')]//button[@class='close']"}
  (Session info: chrome=138.0.7204.101)
For documentation on this error, please visit: https://www.seleniumhq.org/exceptions/no_such_element.html
Build info: version: '3.141.59', revision: 'e82be7d358', time: '2018-11-14T08:17:03'
System info: host: 'ELIHLE', ip: '192.168.137.1', os.name: 'Windows 11', os.arch: 'amd64', os.version: '10.0', java.version: '22.0.1'
Driver info: org.openqa.selenium.chrome.ChromeDriver
Capabilities {acceptInsecureCerts: false, browserName: chrome, browserVersion: 138.0.7204.101, chrome: {chromedriverVersion: 138.0.7204.94 (545025748884..., userDataDir: C:\Users\USER\AppData\Local...}, fedcm:accounts: true, goog:chromeOptions: {debuggerAddress: localhost:57029}, javascriptEnabled: true, networkConnectionEnabled: false, pageLoadStrategy: normal, platform: WINDOWS, platformName: WINDOWS, proxy: Proxy(), setWindowRect: true, strictFileInteractability: false, timeouts: {implicit: 0, pageLoad: 300000, script: 30000}, unhandledPromptBehavior: dismiss and notify, webauthn:extension:credBlob: true, webauthn:extension:largeBlob: true, webauthn:extension:minPinLength: true, webauthn:extension:prf: true, webauthn:virtualAuthenticators: true}
Session ID: 91689107e2b6cba75b5422b103358b58
*** Element info: {Using=xpath, value=//div[contains(@class,'alert')]//button[@class='close']}]]>
            </message>
            <full-stacktrace>
              <![CDATA[org.openqa.selenium.NoSuchElementException: no such element: Unable to locate element: {"method":"xpath","selector":"//div[contains(@class,'alert')]//button[@class='close']"}
  (Session info: chrome=138.0.7204.101)
For documentation on this error, please visit: https://www.seleniumhq.org/exceptions/no_such_element.html
Build info: version: '3.141.59', revision: 'e82be7d358', time: '2018-11-14T08:17:03'
System info: host: 'ELIHLE', ip: '192.168.137.1', os.name: 'Windows 11', os.arch: 'amd64', os.version: '10.0', java.version: '22.0.1'
Driver info: org.openqa.selenium.chrome.ChromeDriver
Capabilities {acceptInsecureCerts: false, browserName: chrome, browserVersion: 138.0.7204.101, chrome: {chromedriverVersion: 138.0.7204.94 (545025748884..., userDataDir: C:\Users\USER\AppData\Local...}, fedcm:accounts: true, goog:chromeOptions: {debuggerAddress: localhost:57029}, javascriptEnabled: true, networkConnectionEnabled: false, pageLoadStrategy: normal, platform: WINDOWS, platformName: WINDOWS, proxy: Proxy(), setWindowRect: true, strictFileInteractability: false, timeouts: {implicit: 0, pageLoad: 300000, script: 30000}, unhandledPromptBehavior: dismiss and notify, webauthn:extension:credBlob: true, webauthn:extension:largeBlob: true, webauthn:extension:minPinLength: true, webauthn:extension:prf: true, webauthn:virtualAuthenticators: true}
Session ID: 91689107e2b6cba75b5422b103358b58
*** Element info: {Using=xpath, value=//div[contains(@class,'alert')]//button[@class='close']}
at java.base/jdk.internal.reflect.DirectConstructorHandleAccessor.newInstance(DirectConstructorHandleAccessor.java:62)
at java.base/java.lang.reflect.Constructor.newInstanceWithCaller(Constructor.java:502)
at java.base/java.lang.reflect.Constructor.newInstance(Constructor.java:486)
at org.openqa.selenium.remote.http.W3CHttpResponseCodec.createException(W3CHttpResponseCodec.java:187)
at org.openqa.selenium.remote.http.W3CHttpResponseCodec.decode(W3CHttpResponseCodec.java:122)
at org.openqa.selenium.remote.http.W3CHttpResponseCodec.decode(W3CHttpResponseCodec.java:49)
at org.openqa.selenium.remote.HttpCommandExecutor.execute(HttpCommandExecutor.java:158)
at org.openqa.selenium.remote.service.DriverCommandExecutor.execute(DriverCommandExecutor.java:83)
at org.openqa.selenium.remote.RemoteWebDriver.execute(RemoteWebDriver.java:552)
at org.openqa.selenium.remote.RemoteWebDriver.findElement(RemoteWebDriver.java:323)
at org.openqa.selenium.remote.RemoteWebDriver.findElementByXPath(RemoteWebDriver.java:428)
at org.openqa.selenium.By$ByXPath.findElement(By.java:353)
at org.openqa.selenium.remote.RemoteWebDriver.findElement(RemoteWebDriver.java:315)
at org.openqa.selenium.support.pagefactory.DefaultElementLocator.findElement(DefaultElementLocator.java:69)
at org.openqa.selenium.support.pagefactory.internal.LocatingElementHandler.invoke(LocatingElementHandler.java:38)
at jdk.proxy2/jdk.proxy2.$Proxy15.getWrappedElement(Unknown Source)
at org.openqa.selenium.remote.internal.WebElementToJsonConverter.apply(WebElementToJsonConverter.java:50)
at java.base/java.util.stream.ReferencePipeline$3$1.accept(ReferencePipeline.java:212)
at java.base/java.util.Spliterators$ArraySpliterator.forEachRemaining(Spliterators.java:1024)
at java.base/java.util.stream.AbstractPipeline.copyInto(AbstractPipeline.java:556)
at java.base/java.util.stream.AbstractPipeline.wrapAndCopyInto(AbstractPipeline.java:546)
at java.base/java.util.stream.ReduceOps$ReduceOp.evaluateSequential(ReduceOps.java:921)
at java.base/java.util.stream.AbstractPipeline.evaluate(AbstractPipeline.java:265)
at java.base/java.util.stream.ReferencePipeline.collect(ReferencePipeline.java:702)
at org.openqa.selenium.remote.RemoteWebDriver.executeScript(RemoteWebDriver.java:484)
at com.mystore.pageobjects.ProductAddedToCartPage.getAddToCartSuccessHeaderMessage(ProductAddedToCartPage.java:29)
at com.mystore.testcases.AddToCartTest.verifyItemAddedToCart(AddToCartTest.java:77)
at java.base/jdk.internal.reflect.DirectMethodHandleAccessor.invoke(DirectMethodHandleAccessor.java:103)
at java.base/java.lang.reflect.Method.invoke(Method.java:580)
at org.testng.internal.MethodInvocationHelper.invokeMethod(MethodInvocationHelper.java:134)
at org.testng.internal.TestInvoker.invokeMethod(TestInvoker.java:597)
at org.testng.internal.TestInvoker.invokeTestMethod(TestInvoker.java:173)
at org.testng.internal.MethodRunner.runInSequence(MethodRunner.java:46)
at org.testng.internal.TestInvoker$MethodInvocationAgent.invoke(TestInvoker.java:816)
at org.testng.internal.TestInvoker.invokeTestMethods(TestInvoker.java:146)
at org.testng.internal.TestMethodWorker.invokeTestMethods(TestMethodWorker.java:146)
at org.testng.internal.TestMethodWorker.run(TestMethodWorker.java:128)
at java.base/java.util.ArrayList.forEach(ArrayList.java:1597)
at org.testng.TestRunner.privateRun(TestRunner.java:766)
at org.testng.TestRunner.run(TestRunner.java:587)
at org.testng.SuiteRunner.runTest(SuiteRunner.java:384)
at org.testng.SuiteRunner.runSequentially(SuiteRunner.java:378)
at org.testng.SuiteRunner.privateRun(SuiteRunner.java:337)
at org.testng.SuiteRunner.run(SuiteRunner.java:286)
at org.testng.SuiteRunnerWorker.runSuite(SuiteRunnerWorker.java:53)
at org.testng.SuiteRunnerWorker.run(SuiteRunnerWorker.java:96)
at org.testng.TestNG.runSuitesSequentially(TestNG.java:1187)
at org.testng.TestNG.runSuitesLocally(TestNG.java:1109)
at org.testng.TestNG.runSuites(TestNG.java:1039)
at org.testng.TestNG.run(TestNG.java:1007)
at org.testng.remote.AbstractRemoteTestNG.run(AbstractRemoteTestNG.java:115)
at org.testng.remote.RemoteTestNG.initAndRun(RemoteTestNG.java:293)
at org.testng.remote.RemoteTestNG.main(RemoteTestNG.java:91)
]]>
            </full-stacktrace>
          </exception> <!-- org.openqa.selenium.NoSuchElementException -->
          <reporter-output>
          </reporter-output>
        </test-method> <!-- verifyItemAddedToCart -->
        <test-method is-config="true" signature="tearDown()[pri:0, instance:com.mystore.testcases.AddToCartTest@185a6e9]" started-at="2025-07-14T13:47:06 SAST" name="tearDown" finished-at="2025-07-14T13:47:23 SAST" duration-ms="16793" status="PASS">
          <reporter-output>
          </reporter-output>
        </test-method> <!-- tearDown -->
      </class> <!-- com.mystore.testcases.AddToCartTest -->
      <class name="com.mystore.testcases.LaptopsAndNotebookTest">
        <test-method is-config="true" signature="setup(java.lang.String)[pri:0, instance:com.mystore.testcases.LaptopsAndNotebookTest@f5958c9]" started-at="2025-07-14T13:44:39 SAST" name="setup" finished-at="2025-07-14T13:44:50 SAST" duration-ms="10455" status="PASS">
          <params>
            <param index="0">
              <value>
                <![CDATA[Chrome]]>
              </value>
            </param>
          </params>
          <reporter-output>
          </reporter-output>
        </test-method> <!-- setup -->
        <test-method signature="verifyLaptopsAndNotebookPageHeaderText()[pri:0, instance:com.mystore.testcases.LaptopsAndNotebookTest@f5958c9]" started-at="2025-07-14T13:44:50 SAST" name="verifyLaptopsAndNotebookPageHeaderText" finished-at="2025-07-14T13:44:52 SAST" duration-ms="2842" status="PASS">
          <reporter-output>
          </reporter-output>
        </test-method> <!-- verifyLaptopsAndNotebookPageHeaderText -->
        <test-method is-config="true" signature="tearDown()[pri:0, instance:com.mystore.testcases.LaptopsAndNotebookTest@f5958c9]" started-at="2025-07-14T13:44:52 SAST" name="tearDown" finished-at="2025-07-14T13:45:00 SAST" duration-ms="8087" status="PASS">
          <reporter-output>
          </reporter-output>
        </test-method> <!-- tearDown -->
      </class> <!-- com.mystore.testcases.LaptopsAndNotebookTest -->
      <class name="com.mystore.testcases.AddToCartPriceTest">
        <test-method is-config="true" signature="setup(java.lang.String)[pri:0, instance:com.mystore.testcases.AddToCartPriceTest@3eb738bb]" started-at="2025-07-14T13:45:16 SAST" name="setup" finished-at="2025-07-14T13:45:27 SAST" duration-ms="10413" status="PASS">
          <params>
            <param index="0">
              <value>
                <![CDATA[Chrome]]>
              </value>
            </param>
          </params>
          <reporter-output>
          </reporter-output>
        </test-method> <!-- setup -->
        <test-method signature="verifyItemAddedToCart()[pri:0, instance:com.mystore.testcases.AddToCartPriceTest@3eb738bb]" started-at="2025-07-14T13:45:27 SAST" name="verifyItemAddedToCart" finished-at="2025-07-14T13:45:42 SAST" duration-ms="15584" status="FAIL">
          <exception class="java.lang.AssertionError">
            <message>
              <![CDATA[expected [244.00] but found [610.00]]]>
            </message>
            <full-stacktrace>
              <![CDATA[java.lang.AssertionError: expected [244.00] but found [610.00]
at org.testng.Assert.fail(Assert.java:97)
at org.testng.Assert.assertEqualsImpl(Assert.java:136)
at org.testng.Assert.assertEquals(Assert.java:118)
at org.testng.Assert.assertEquals(Assert.java:575)
at org.testng.Assert.assertEquals(Assert.java:585)
at com.mystore.testcases.AddToCartPriceTest.verifyItemAddedToCart(AddToCartPriceTest.java:76)
at java.base/jdk.internal.reflect.DirectMethodHandleAccessor.invoke(DirectMethodHandleAccessor.java:103)
at java.base/java.lang.reflect.Method.invoke(Method.java:580)
at org.testng.internal.MethodInvocationHelper.invokeMethod(MethodInvocationHelper.java:134)
at org.testng.internal.TestInvoker.invokeMethod(TestInvoker.java:597)
at org.testng.internal.TestInvoker.invokeTestMethod(TestInvoker.java:173)
at org.testng.internal.MethodRunner.runInSequence(MethodRunner.java:46)
at org.testng.internal.TestInvoker$MethodInvocationAgent.invoke(TestInvoker.java:816)
at org.testng.internal.TestInvoker.invokeTestMethods(TestInvoker.java:146)
at org.testng.internal.TestMethodWorker.invokeTestMethods(TestMethodWorker.java:146)
at org.testng.internal.TestMethodWorker.run(TestMethodWorker.java:128)
at java.base/java.util.ArrayList.forEach(ArrayList.java:1597)
at org.testng.TestRunner.privateRun(TestRunner.java:766)
at org.testng.TestRunner.run(TestRunner.java:587)
at org.testng.SuiteRunner.runTest(SuiteRunner.java:384)
at org.testng.SuiteRunner.runSequentially(SuiteRunner.java:378)
at org.testng.SuiteRunner.privateRun(SuiteRunner.java:337)
at org.testng.SuiteRunner.run(SuiteRunner.java:286)
at org.testng.SuiteRunnerWorker.runSuite(SuiteRunnerWorker.java:53)
at org.testng.SuiteRunnerWorker.run(SuiteRunnerWorker.java:96)
at org.testng.TestNG.runSuitesSequentially(TestNG.java:1187)
at org.testng.TestNG.runSuitesLocally(TestNG.java:1109)
at org.testng.TestNG.runSuites(TestNG.java:1039)
at org.testng.TestNG.run(TestNG.java:1007)
at org.testng.remote.AbstractRemoteTestNG.run(AbstractRemoteTestNG.java:115)
at org.testng.remote.RemoteTestNG.initAndRun(RemoteTestNG.java:293)
at org.testng.remote.RemoteTestNG.main(RemoteTestNG.java:91)
]]>
            </full-stacktrace>
          </exception> <!-- java.lang.AssertionError -->
          <reporter-output>
          </reporter-output>
        </test-method> <!-- verifyItemAddedToCart -->
        <test-method is-config="true" signature="tearDown()[pri:0, instance:com.mystore.testcases.AddToCartPriceTest@3eb738bb]" started-at="2025-07-14T13:45:43 SAST" name="tearDown" finished-at="2025-07-14T13:45:45 SAST" duration-ms="2092" status="PASS">
          <reporter-output>
          </reporter-output>
        </test-method> <!-- tearDown -->
      </class> <!-- com.mystore.testcases.AddToCartPriceTest -->
    </test> <!-- Test_All -->
  </suite> <!-- Suite -->
</testng-results>
