<?xml version="1.0" encoding="UTF-8"?>
<testng-results ignored="0" total="1" passed="1" failed="0" skipped="0">
  <reporter-output>
  </reporter-output>
  <suite started-at="2025-07-11T14:46:22 SAST" name="Suite" finished-at="2025-07-11T14:47:09 SAST" duration-ms="46977">
    <groups>
      <group name="Sanity">
        <method signature="AddToCartPriceTest.verifyItemAddedToCart()[pri:0, instance:com.mystore.testcases.AddToCartPriceTest@36bc55de]" name="verifyItemAddedToCart" class="com.mystore.testcases.AddToCartPriceTest"/>
      </group> <!-- Sanity -->
      <group name="Regression">
        <method signature="AddToCartPriceTest.verifyItemAddedToCart()[pri:0, instance:com.mystore.testcases.AddToCartPriceTest@36bc55de]" name="verifyItemAddedToCart" class="com.mystore.testcases.AddToCartPriceTest"/>
      </group> <!-- Regression -->
    </groups>
    <test started-at="2025-07-11T14:46:22 SAST" name="Test_All" finished-at="2025-07-11T14:47:09 SAST" duration-ms="46977">
      <class name="com.mystore.testcases.AddToCartPriceTest">
        <test-method is-config="true" signature="loadConfig()[pri:0, instance:com.mystore.testcases.AddToCartPriceTest@36bc55de]" started-at="2025-07-11T14:46:21 SAST" name="loadConfig" finished-at="2025-07-11T14:46:22 SAST" duration-ms="708" status="PASS">
          <reporter-output>
          </reporter-output>
        </test-method> <!-- loadConfig -->
        <test-method is-config="true" signature="setup(java.lang.String)[pri:0, instance:com.mystore.testcases.AddToCartPriceTest@36bc55de]" started-at="2025-07-11T14:46:22 SAST" name="setup" finished-at="2025-07-11T14:46:44 SAST" duration-ms="21799" status="PASS">
          <params>
            <param index="0">
              <value>
                <![CDATA[Chrome]]>
              </value>
            </param>
          </params>
          <reporter-output>
          </reporter-output>
        </test-method> <!-- setup -->
        <test-method signature="verifyItemAddedToCart()[pri:0, instance:com.mystore.testcases.AddToCartPriceTest@36bc55de]" started-at="2025-07-11T14:46:44 SAST" name="verifyItemAddedToCart" finished-at="2025-07-11T14:47:05 SAST" duration-ms="21675" status="PASS">
          <reporter-output>
          </reporter-output>
        </test-method> <!-- verifyItemAddedToCart -->
        <test-method is-config="true" signature="tearDown()[pri:0, instance:com.mystore.testcases.AddToCartPriceTest@36bc55de]" started-at="2025-07-11T14:47:05 SAST" name="tearDown" finished-at="2025-07-11T14:47:09 SAST" duration-ms="3423" status="PASS">
          <reporter-output>
          </reporter-output>
        </test-method> <!-- tearDown -->
        <test-method is-config="true" signature="afterSuit()[pri:0, instance:com.mystore.testcases.AddToCartPriceTest@36bc55de]" started-at="2025-07-11T14:47:09 SAST" name="afterSuit" finished-at="2025-07-11T14:47:10 SAST" duration-ms="1150" status="PASS">
          <reporter-output>
          </reporter-output>
        </test-method> <!-- afterSuit -->
      </class> <!-- com.mystore.testcases.AddToCartPriceTest -->
    </test> <!-- Test_All -->
  </suite> <!-- Suite -->
</testng-results>
